<?xml version="1.0" encoding="UTF-8"?>
<testsuite xmlns:xsi="http://www.w3.org/2001/XMLSchema-instance" xsi:noNamespaceSchemaLocation="https://maven.apache.org/surefire/maven-surefire-plugin/xsd/surefire-test-report.xsd" name="com.junit.AdditionalTest" time="0.037" tests="3" errors="0" skipped="0" failures="0">
  <properties>
    <property name="java.specification.version" value="21"/>
    <property name="sun.jnu.encoding" value="UTF-8"/>
    <property name="java.class.path" value="/Users/quangdo/Desktop/test_Junit_Mockito/target/test-classes:/Users/quangdo/Desktop/test_Junit_Mockito/target/classes:/Users/quangdo/.m2/repository/org/junit/jupiter/junit-jupiter-api/5.10.3/junit-jupiter-api-5.10.3.jar:/Users/quangdo/.m2/repository/org/opentest4j/opentest4j/1.3.0/opentest4j-1.3.0.jar:/Users/quangdo/.m2/repository/org/junit/platform/junit-platform-commons/1.10.3/junit-platform-commons-1.10.3.jar:/Users/quangdo/.m2/repository/org/apiguardian/apiguardian-api/1.1.2/apiguardian-api-1.1.2.jar:/Users/quangdo/.m2/repository/org/junit/jupiter/junit-jupiter-engine/5.7.2/junit-jupiter-engine-5.7.2.jar:/Users/quangdo/.m2/repository/org/junit/platform/junit-platform-engine/1.7.2/junit-platform-engine-1.7.2.jar:/Users/quangdo/.m2/repository/junit/junit/4.13.1/junit-4.13.1.jar:/Users/quangdo/.m2/repository/org/hamcrest/hamcrest-core/1.3/hamcrest-core-1.3.jar:/Users/quangdo/.m2/repository/org/projectlombok/lombok/1.18.30/lombok-1.18.30.jar:/Users/quangdo/.m2/repository/org/junit/jupiter/junit-jupiter-params/5.7.2/junit-jupiter-params-5.7.2.jar:/Users/quangdo/.m2/repository/org/mockito/mockito-inline/4.0.0/mockito-inline-4.0.0.jar:/Users/quangdo/.m2/repository/org/mockito/mockito-core/4.0.0/mockito-core-4.0.0.jar:/Users/quangdo/.m2/repository/net/bytebuddy/byte-buddy/1.11.19/byte-buddy-1.11.19.jar:/Users/quangdo/.m2/repository/net/bytebuddy/byte-buddy-agent/1.11.19/byte-buddy-agent-1.11.19.jar:/Users/quangdo/.m2/repository/org/objenesis/objenesis/3.2/objenesis-3.2.jar:/Users/quangdo/.m2/repository/org/mockito/mockito-junit-jupiter/4.0.0/mockito-junit-jupiter-4.0.0.jar:"/>
    <property name="java.vm.vendor" value="Eclipse Adoptium"/>
    <property name="sun.arch.data.model" value="64"/>
    <property name="java.vendor.url" value="https://adoptium.net/"/>
    <property name="os.name" value="Mac OS X"/>
    <property name="java.vm.specification.version" value="21"/>
    <property name="sun.java.launcher" value="SUN_STANDARD"/>
    <property name="user.country" value="VN"/>
    <property name="sun.boot.library.path" value="/Users/quangdo/.sdkman/candidates/java/21.0.4-tem/lib"/>
    <property name="sun.java.command" value="/Users/quangdo/Desktop/test_Junit_Mockito/target/surefire/surefirebooter11424100873702195377.jar /Users/quangdo/Desktop/test_Junit_Mockito/target/surefire 2024-08-05T17-46-16_213-jvmRun1 surefire7211308111917310065tmp surefire_012873032469209957691tmp"/>
    <property name="http.nonProxyHosts" value="local|*.local|169.254/16|*.169.254/16"/>
    <property name="jdk.debug" value="release"/>
    <property name="surefire.test.class.path" value="/Users/quangdo/Desktop/test_Junit_Mockito/target/test-classes:/Users/quangdo/Desktop/test_Junit_Mockito/target/classes:/Users/quangdo/.m2/repository/org/junit/jupiter/junit-jupiter-api/5.10.3/junit-jupiter-api-5.10.3.jar:/Users/quangdo/.m2/repository/org/opentest4j/opentest4j/1.3.0/opentest4j-1.3.0.jar:/Users/quangdo/.m2/repository/org/junit/platform/junit-platform-commons/1.10.3/junit-platform-commons-1.10.3.jar:/Users/quangdo/.m2/repository/org/apiguardian/apiguardian-api/1.1.2/apiguardian-api-1.1.2.jar:/Users/quangdo/.m2/repository/org/junit/jupiter/junit-jupiter-engine/5.7.2/junit-jupiter-engine-5.7.2.jar:/Users/quangdo/.m2/repository/org/junit/platform/junit-platform-engine/1.7.2/junit-platform-engine-1.7.2.jar:/Users/quangdo/.m2/repository/junit/junit/4.13.1/junit-4.13.1.jar:/Users/quangdo/.m2/repository/org/hamcrest/hamcrest-core/1.3/hamcrest-core-1.3.jar:/Users/quangdo/.m2/repository/org/projectlombok/lombok/1.18.30/lombok-1.18.30.jar:/Users/quangdo/.m2/repository/org/junit/jupiter/junit-jupiter-params/5.7.2/junit-jupiter-params-5.7.2.jar:/Users/quangdo/.m2/repository/org/mockito/mockito-inline/4.0.0/mockito-inline-4.0.0.jar:/Users/quangdo/.m2/repository/org/mockito/mockito-core/4.0.0/mockito-core-4.0.0.jar:/Users/quangdo/.m2/repository/net/bytebuddy/byte-buddy/1.11.19/byte-buddy-1.11.19.jar:/Users/quangdo/.m2/repository/net/bytebuddy/byte-buddy-agent/1.11.19/byte-buddy-agent-1.11.19.jar:/Users/quangdo/.m2/repository/org/objenesis/objenesis/3.2/objenesis-3.2.jar:/Users/quangdo/.m2/repository/org/mockito/mockito-junit-jupiter/4.0.0/mockito-junit-jupiter-4.0.0.jar:"/>
    <property name="sun.cpu.endian" value="little"/>
    <property name="user.home" value="/Users/quangdo"/>
    <property name="user.language" value="en"/>
    <property name="java.specification.vendor" value="Oracle Corporation"/>
    <property name="java.version.date" value="2024-07-16"/>
    <property name="java.home" value="/Users/quangdo/.sdkman/candidates/java/21.0.4-tem"/>
    <property name="file.separator" value="/"/>
    <property name="basedir" value="/Users/quangdo/Desktop/test_Junit_Mockito"/>
    <property name="java.vm.compressedOopsMode" value="Zero based"/>
    <property name="line.separator" value="&#10;"/>
    <property name="java.vm.specification.vendor" value="Oracle Corporation"/>
    <property name="java.specification.name" value="Java Platform API Specification"/>
    <property name="apple.awt.application.name" value="ForkedBooter"/>
    <property name="surefire.real.class.path" value="/Users/quangdo/Desktop/test_Junit_Mockito/target/surefire/surefirebooter11424100873702195377.jar"/>
    <property name="sun.management.compiler" value="HotSpot 64-Bit Tiered Compilers"/>
    <property name="ftp.nonProxyHosts" value="local|*.local|169.254/16|*.169.254/16"/>
    <property name="java.runtime.version" value="21.0.4+7-LTS"/>
    <property name="user.name" value="quangdo"/>
    <property name="stdout.encoding" value="UTF-8"/>
    <property name="path.separator" value=":"/>
    <property name="os.version" value="14.3.1"/>
    <property name="java.runtime.name" value="OpenJDK Runtime Environment"/>
    <property name="file.encoding" value="UTF-8"/>
    <property name="java.vm.name" value="OpenJDK 64-Bit Server VM"/>
    <property name="java.vendor.version" value="Temurin-21.0.4+7"/>
    <property name="localRepository" value="/Users/quangdo/.m2/repository"/>
    <property name="java.vendor.url.bug" value="https://github.com/adoptium/adoptium-support/issues"/>
    <property name="java.io.tmpdir" value="/var/folders/jl/jk5_vnk154qgdycsxrvgjhb46f68nb/T/"/>
    <property name="java.version" value="21.0.4"/>
    <property name="user.dir" value="/Users/quangdo/Desktop/test_Junit_Mockito"/>
    <property name="os.arch" value="x86_64"/>
    <property name="java.vm.specification.name" value="Java Virtual Machine Specification"/>
    <property name="native.encoding" value="UTF-8"/>
    <property name="java.library.path" value="/Users/quangdo/Library/Java/Extensions:/Library/Java/Extensions:/Network/Library/Java/Extensions:/System/Library/Java/Extensions:/usr/lib/java:."/>
    <property name="java.vm.info" value="mixed mode"/>
    <property name="stderr.encoding" value="UTF-8"/>
    <property name="java.vendor" value="Eclipse Adoptium"/>
    <property name="java.vm.version" value="21.0.4+7-LTS"/>
    <property name="sun.io.unicode.encoding" value="UnicodeBig"/>
    <property name="socksNonProxyHosts" value="local|*.local|169.254/16|*.169.254/16"/>
    <property name="java.class.version" value="65.0"/>
  </properties>
  <testcase name="testSetAge" classname="com.junit.AdditionalTest" time="0"/>
  <testcase name="testMultiply" classname="com.junit.AdditionalTest" time="0"/>
  <testcase name="hashTwoDynamicDirectoryWhichHaveSameContent{Path, Path}" classname="com.junit.AdditionalTest" time="0.037"/>
</testsuite>